c:\users\ori\documents\visual studio 2015\projects\chatbot\chatbot\release\chatbot.pch
c:\users\ori\documents\visual studio 2015\projects\chatbot\chatbot\release\vc140.pdb
c:\users\ori\documents\visual studio 2015\projects\chatbot\chatbot\release\stdafx.obj
c:\users\ori\documents\visual studio 2015\projects\chatbot\chatbot\release\productsfetcher.obj
c:\users\ori\documents\visual studio 2015\projects\chatbot\chatbot\release\inputparserresponsefind.obj
c:\users\ori\documents\visual studio 2015\projects\chatbot\chatbot\release\inputparserresponseadd.obj
c:\users\ori\documents\visual studio 2015\projects\chatbot\chatbot\release\inputparserresponse.obj
c:\users\ori\documents\visual studio 2015\projects\chatbot\chatbot\release\inputparser.obj
c:\users\ori\documents\visual studio 2015\projects\chatbot\chatbot\release\chatbotapp.obj
c:\users\ori\documents\visual studio 2015\projects\chatbot\chatbot\release\main.obj
c:\users\ori\documents\visual studio 2015\projects\chatbot\chatbot\release\iohandler.obj
c:\users\ori\documents\visual studio 2015\projects\chatbot\release\chatbot.exe
c:\users\ori\documents\visual studio 2015\projects\chatbot\release\chatbot.ipdb
c:\users\ori\documents\visual studio 2015\projects\chatbot\release\chatbot.iobj
c:\users\ori\documents\visual studio 2015\projects\chatbot\release\chatbot.pdb
c:\users\ori\documents\visual studio 2015\projects\chatbot\chatbot\release\chatbot.tlog\cl.command.1.tlog
c:\users\ori\documents\visual studio 2015\projects\chatbot\chatbot\release\chatbot.tlog\cl.read.1.tlog
c:\users\ori\documents\visual studio 2015\projects\chatbot\chatbot\release\chatbot.tlog\cl.write.1.tlog
c:\users\ori\documents\visual studio 2015\projects\chatbot\chatbot\release\chatbot.tlog\link.command.1.tlog
c:\users\ori\documents\visual studio 2015\projects\chatbot\chatbot\release\chatbot.tlog\link.read.1.tlog
c:\users\ori\documents\visual studio 2015\projects\chatbot\chatbot\release\chatbot.tlog\link.write.1.tlog
