c:\users\ori\documents\visual studio 2015\projects\chatbot\chatbot\debug\chatbot.pch
c:\users\ori\documents\visual studio 2015\projects\chatbot\chatbot\debug\vc140.pdb
c:\users\ori\documents\visual studio 2015\projects\chatbot\chatbot\debug\vc140.idb
c:\users\ori\documents\visual studio 2015\projects\chatbot\chatbot\debug\stdafx.obj
c:\users\ori\documents\visual studio 2015\projects\chatbot\chatbot\debug\main.obj
c:\users\ori\documents\visual studio 2015\projects\chatbot\chatbot\debug\inputparser.obj
c:\users\ori\documents\visual studio 2015\projects\chatbot\chatbot\debug\inputparserresponse.obj
c:\users\ori\documents\visual studio 2015\projects\chatbot\chatbot\debug\inputparserresponseadd.obj
c:\users\ori\documents\visual studio 2015\projects\chatbot\chatbot\debug\inputparserresponsefind.obj
c:\users\ori\documents\visual studio 2015\projects\chatbot\chatbot\debug\productsfetcher.obj
c:\users\ori\documents\visual studio 2015\projects\chatbot\chatbot\debug\chatbotapp.obj
c:\users\ori\documents\visual studio 2015\projects\chatbot\chatbot\debug\iohandler.obj
c:\users\ori\documents\visual studio 2015\projects\chatbot\debug\chatbot.ilk
c:\users\ori\documents\visual studio 2015\projects\chatbot\debug\chatbot.exe
c:\users\ori\documents\visual studio 2015\projects\chatbot\debug\chatbot.pdb
c:\users\ori\documents\visual studio 2015\projects\chatbot\chatbot\debug\chatbot.tlog\cl.command.1.tlog
c:\users\ori\documents\visual studio 2015\projects\chatbot\chatbot\debug\chatbot.tlog\cl.read.1.tlog
c:\users\ori\documents\visual studio 2015\projects\chatbot\chatbot\debug\chatbot.tlog\cl.write.1.tlog
c:\users\ori\documents\visual studio 2015\projects\chatbot\chatbot\debug\chatbot.tlog\link.command.1.tlog
c:\users\ori\documents\visual studio 2015\projects\chatbot\chatbot\debug\chatbot.tlog\link.read.1.tlog
c:\users\ori\documents\visual studio 2015\projects\chatbot\chatbot\debug\chatbot.tlog\link.write.1.tlog
